2020-12-18 08:48:55,605 [myid:] - INFO  [main:QuorumPeerConfig@174] - Reading configuration from: /Users/apple/Udemy/DistributedSystems/apache-zookeeper/bin/../conf/zoo.cfg
2020-12-18 08:48:55,672 [myid:] - INFO  [main:QuorumPeerConfig@460] - clientPortAddress is 0.0.0.0:2181
2020-12-18 08:48:55,673 [myid:] - INFO  [main:QuorumPeerConfig@464] - secureClientPort is not set
2020-12-18 08:48:55,673 [myid:] - INFO  [main:QuorumPeerConfig@480] - observerMasterPort is not set
2020-12-18 08:48:55,675 [myid:] - INFO  [main:QuorumPeerConfig@497] - metricsProvider.className is org.apache.zookeeper.metrics.impl.DefaultMetricsProvider
2020-12-18 08:48:55,680 [myid:] - INFO  [main:DatadirCleanupManager@78] - autopurge.snapRetainCount set to 3
2020-12-18 08:48:55,680 [myid:] - INFO  [main:DatadirCleanupManager@79] - autopurge.purgeInterval set to 0
2020-12-18 08:48:55,681 [myid:] - INFO  [main:DatadirCleanupManager@101] - Purge task is not scheduled.
2020-12-18 08:48:55,681 [myid:] - WARN  [main:QuorumPeerMain@138] - Either no config or no quorum defined in config, running in standalone mode
2020-12-18 08:48:55,690 [myid:] - INFO  [main:ManagedUtil@44] - Log4j 1.2 jmx support found and enabled.
2020-12-18 08:48:55,713 [myid:] - INFO  [main:QuorumPeerConfig@174] - Reading configuration from: /Users/apple/Udemy/DistributedSystems/apache-zookeeper/bin/../conf/zoo.cfg
2020-12-18 08:48:55,714 [myid:] - INFO  [main:QuorumPeerConfig@460] - clientPortAddress is 0.0.0.0:2181
2020-12-18 08:48:55,715 [myid:] - INFO  [main:QuorumPeerConfig@464] - secureClientPort is not set
2020-12-18 08:48:55,715 [myid:] - INFO  [main:QuorumPeerConfig@480] - observerMasterPort is not set
2020-12-18 08:48:55,715 [myid:] - INFO  [main:QuorumPeerConfig@497] - metricsProvider.className is org.apache.zookeeper.metrics.impl.DefaultMetricsProvider
2020-12-18 08:48:55,716 [myid:] - INFO  [main:ZooKeeperServerMain@122] - Starting server
2020-12-18 08:48:55,737 [myid:] - INFO  [main:ServerMetrics@62] - ServerMetrics initialized with provider org.apache.zookeeper.metrics.impl.DefaultMetricsProvider@3d3fcdb0
2020-12-18 08:48:55,745 [myid:] - INFO  [main:FileTxnSnapLog@124] - zookeeper.snapshot.trust.empty : false
2020-12-18 08:48:55,763 [myid:] - INFO  [main:ZookeeperBanner@42] - 
2020-12-18 08:48:55,763 [myid:] - INFO  [main:ZookeeperBanner@42] -   ______                  _                                          
2020-12-18 08:48:55,763 [myid:] - INFO  [main:ZookeeperBanner@42] -  |___  /                 | |                                         
2020-12-18 08:48:55,764 [myid:] - INFO  [main:ZookeeperBanner@42] -     / /    ___     ___   | | __   ___    ___   _ __     ___   _ __   
2020-12-18 08:48:55,764 [myid:] - INFO  [main:ZookeeperBanner@42] -    / /    / _ \   / _ \  | |/ /  / _ \  / _ \ | '_ \   / _ \ | '__|
2020-12-18 08:48:55,764 [myid:] - INFO  [main:ZookeeperBanner@42] -   / /__  | (_) | | (_) | |   <  |  __/ |  __/ | |_) | |  __/ | |    
2020-12-18 08:48:55,764 [myid:] - INFO  [main:ZookeeperBanner@42] -  /_____|  \___/   \___/  |_|\_\  \___|  \___| | .__/   \___| |_|
2020-12-18 08:48:55,764 [myid:] - INFO  [main:ZookeeperBanner@42] -                                               | |                     
2020-12-18 08:48:55,765 [myid:] - INFO  [main:ZookeeperBanner@42] -                                               |_|                     
2020-12-18 08:48:55,765 [myid:] - INFO  [main:ZookeeperBanner@42] - 
2020-12-18 08:48:55,783 [myid:] - INFO  [main:Environment@98] - Server environment:zookeeper.version=3.6.2--803c7f1a12f85978cb049af5e4ef23bd8b688715, built on 09/04/2020 12:44 GMT
2020-12-18 08:48:55,784 [myid:] - INFO  [main:Environment@98] - Server environment:host.name=192.168.0.178
2020-12-18 08:48:55,784 [myid:] - INFO  [main:Environment@98] - Server environment:java.version=14
2020-12-18 08:48:55,784 [myid:] - INFO  [main:Environment@98] - Server environment:java.vendor=Oracle Corporation
2020-12-18 08:48:55,784 [myid:] - INFO  [main:Environment@98] - Server environment:java.home=/Library/Java/JavaVirtualMachines/jdk-14.jdk/Contents/Home
2020-12-18 08:48:55,785 [myid:] - INFO  [main:Environment@98] - Server environment:java.class.path=/Users/apple/Udemy/DistributedSystems/apache-zookeeper/bin/../zookeeper-server/target/classes:/Users/apple/Udemy/DistributedSystems/apache-zookeeper/bin/../build/classes:/Users/apple/Udemy/DistributedSystems/apache-zookeeper/bin/../zookeeper-server/target/lib/*.jar:/Users/apple/Udemy/DistributedSystems/apache-zookeeper/bin/../build/lib/*.jar:/Users/apple/Udemy/DistributedSystems/apache-zookeeper/bin/../lib/zookeeper-prometheus-metrics-3.6.2.jar:/Users/apple/Udemy/DistributedSystems/apache-zookeeper/bin/../lib/zookeeper-jute-3.6.2.jar:/Users/apple/Udemy/DistributedSystems/apache-zookeeper/bin/../lib/zookeeper-3.6.2.jar:/Users/apple/Udemy/DistributedSystems/apache-zookeeper/bin/../lib/snappy-java-1.1.7.jar:/Users/apple/Udemy/DistributedSystems/apache-zookeeper/bin/../lib/slf4j-log4j12-1.7.25.jar:/Users/apple/Udemy/DistributedSystems/apache-zookeeper/bin/../lib/slf4j-api-1.7.25.jar:/Users/apple/Udemy/DistributedSystems/apache-zookeeper/bin/../lib/simpleclient_servlet-0.6.0.jar:/Users/apple/Udemy/DistributedSystems/apache-zookeeper/bin/../lib/simpleclient_hotspot-0.6.0.jar:/Users/apple/Udemy/DistributedSystems/apache-zookeeper/bin/../lib/simpleclient_common-0.6.0.jar:/Users/apple/Udemy/DistributedSystems/apache-zookeeper/bin/../lib/simpleclient-0.6.0.jar:/Users/apple/Udemy/DistributedSystems/apache-zookeeper/bin/../lib/netty-transport-native-unix-common-4.1.50.Final.jar:/Users/apple/Udemy/DistributedSystems/apache-zookeeper/bin/../lib/netty-transport-native-epoll-4.1.50.Final.jar:/Users/apple/Udemy/DistributedSystems/apache-zookeeper/bin/../lib/netty-transport-4.1.50.Final.jar:/Users/apple/Udemy/DistributedSystems/apache-zookeeper/bin/../lib/netty-resolver-4.1.50.Final.jar:/Users/apple/Udemy/DistributedSystems/apache-zookeeper/bin/../lib/netty-handler-4.1.50.Final.jar:/Users/apple/Udemy/DistributedSystems/apache-zookeeper/bin/../lib/netty-common-4.1.50.Final.jar:/Users/apple/Udemy/DistributedSystems/apache-zookeeper/bin/../lib/netty-codec-4.1.50.Final.jar:/Users/apple/Udemy/DistributedSystems/apache-zookeeper/bin/../lib/netty-buffer-4.1.50.Final.jar:/Users/apple/Udemy/DistributedSystems/apache-zookeeper/bin/../lib/metrics-core-3.2.5.jar:/Users/apple/Udemy/DistributedSystems/apache-zookeeper/bin/../lib/log4j-1.2.17.jar:/Users/apple/Udemy/DistributedSystems/apache-zookeeper/bin/../lib/json-simple-1.1.1.jar:/Users/apple/Udemy/DistributedSystems/apache-zookeeper/bin/../lib/jline-2.14.6.jar:/Users/apple/Udemy/DistributedSystems/apache-zookeeper/bin/../lib/jetty-util-9.4.24.v20191120.jar:/Users/apple/Udemy/DistributedSystems/apache-zookeeper/bin/../lib/jetty-servlet-9.4.24.v20191120.jar:/Users/apple/Udemy/DistributedSystems/apache-zookeeper/bin/../lib/jetty-server-9.4.24.v20191120.jar:/Users/apple/Udemy/DistributedSystems/apache-zookeeper/bin/../lib/jetty-security-9.4.24.v20191120.jar:/Users/apple/Udemy/DistributedSystems/apache-zookeeper/bin/../lib/jetty-io-9.4.24.v20191120.jar:/Users/apple/Udemy/DistributedSystems/apache-zookeeper/bin/../lib/jetty-http-9.4.24.v20191120.jar:/Users/apple/Udemy/DistributedSystems/apache-zookeeper/bin/../lib/javax.servlet-api-3.1.0.jar:/Users/apple/Udemy/DistributedSystems/apache-zookeeper/bin/../lib/jackson-databind-2.10.3.jar:/Users/apple/Udemy/DistributedSystems/apache-zookeeper/bin/../lib/jackson-core-2.10.3.jar:/Users/apple/Udemy/DistributedSystems/apache-zookeeper/bin/../lib/jackson-annotations-2.10.3.jar:/Users/apple/Udemy/DistributedSystems/apache-zookeeper/bin/../lib/commons-lang-2.6.jar:/Users/apple/Udemy/DistributedSystems/apache-zookeeper/bin/../lib/commons-cli-1.2.jar:/Users/apple/Udemy/DistributedSystems/apache-zookeeper/bin/../lib/audience-annotations-0.5.0.jar:/Users/apple/Udemy/DistributedSystems/apache-zookeeper/bin/../zookeeper-*.jar:/Users/apple/Udemy/DistributedSystems/apache-zookeeper/bin/../zookeeper-server/src/main/resources/lib/*.jar:/Users/apple/Udemy/DistributedSystems/apache-zookeeper/bin/../conf:
2020-12-18 08:48:55,786 [myid:] - INFO  [main:Environment@98] - Server environment:java.library.path=/Users/apple/Library/Java/Extensions:/Library/Java/Extensions:/Network/Library/Java/Extensions:/System/Library/Java/Extensions:/usr/lib/java:.
2020-12-18 08:48:55,786 [myid:] - INFO  [main:Environment@98] - Server environment:java.io.tmpdir=/var/folders/l8/zh_trxr90p19v1c_l3nyzk9h0000gn/T/
2020-12-18 08:48:55,787 [myid:] - INFO  [main:Environment@98] - Server environment:java.compiler=<NA>
2020-12-18 08:48:55,787 [myid:] - INFO  [main:Environment@98] - Server environment:os.name=Mac OS X
2020-12-18 08:48:55,787 [myid:] - INFO  [main:Environment@98] - Server environment:os.arch=x86_64
2020-12-18 08:48:55,787 [myid:] - INFO  [main:Environment@98] - Server environment:os.version=10.16
2020-12-18 08:48:55,787 [myid:] - INFO  [main:Environment@98] - Server environment:user.name=apple
2020-12-18 08:48:55,787 [myid:] - INFO  [main:Environment@98] - Server environment:user.home=/Users/apple
2020-12-18 08:48:55,788 [myid:] - INFO  [main:Environment@98] - Server environment:user.dir=/Users/apple/Udemy/DistributedSystems/apache-zookeeper/bin
2020-12-18 08:48:55,788 [myid:] - INFO  [main:Environment@98] - Server environment:os.memory.free=117MB
2020-12-18 08:48:55,788 [myid:] - INFO  [main:Environment@98] - Server environment:os.memory.max=1000MB
2020-12-18 08:48:55,788 [myid:] - INFO  [main:Environment@98] - Server environment:os.memory.total=130MB
2020-12-18 08:48:55,788 [myid:] - INFO  [main:ZooKeeperServer@129] - zookeeper.enableEagerACLCheck = false
2020-12-18 08:48:55,789 [myid:] - INFO  [main:ZooKeeperServer@137] - zookeeper.digest.enabled = true
2020-12-18 08:48:55,789 [myid:] - INFO  [main:ZooKeeperServer@141] - zookeeper.closeSessionTxn.enabled = true
2020-12-18 08:48:55,789 [myid:] - INFO  [main:ZooKeeperServer@1444] - zookeeper.flushDelay=0
2020-12-18 08:48:55,789 [myid:] - INFO  [main:ZooKeeperServer@1453] - zookeeper.maxWriteQueuePollTime=0
2020-12-18 08:48:55,789 [myid:] - INFO  [main:ZooKeeperServer@1462] - zookeeper.maxBatchSize=1000
2020-12-18 08:48:55,789 [myid:] - INFO  [main:ZooKeeperServer@243] - zookeeper.intBufferStartingSizeBytes = 1024
2020-12-18 08:48:55,791 [myid:] - INFO  [main:BlueThrottle@141] - Weighed connection throttling is disabled
2020-12-18 08:48:55,792 [myid:] - INFO  [main:ZooKeeperServer@1256] - minSessionTimeout set to 4000
2020-12-18 08:48:55,793 [myid:] - INFO  [main:ZooKeeperServer@1265] - maxSessionTimeout set to 40000
2020-12-18 08:48:55,796 [myid:] - INFO  [main:ResponseCache@45] - Response cache size is initialized with value 400.
2020-12-18 08:48:55,796 [myid:] - INFO  [main:ResponseCache@45] - Response cache size is initialized with value 400.
2020-12-18 08:48:55,799 [myid:] - INFO  [main:RequestPathMetricsCollector@111] - zookeeper.pathStats.slotCapacity = 60
2020-12-18 08:48:55,799 [myid:] - INFO  [main:RequestPathMetricsCollector@112] - zookeeper.pathStats.slotDuration = 15
2020-12-18 08:48:55,799 [myid:] - INFO  [main:RequestPathMetricsCollector@113] - zookeeper.pathStats.maxDepth = 6
2020-12-18 08:48:55,800 [myid:] - INFO  [main:RequestPathMetricsCollector@114] - zookeeper.pathStats.initialDelay = 5
2020-12-18 08:48:55,800 [myid:] - INFO  [main:RequestPathMetricsCollector@115] - zookeeper.pathStats.delay = 5
2020-12-18 08:48:55,800 [myid:] - INFO  [main:RequestPathMetricsCollector@116] - zookeeper.pathStats.enabled = false
2020-12-18 08:48:55,805 [myid:] - INFO  [main:ZooKeeperServer@1481] - The max bytes for all large requests are set to 104857600
2020-12-18 08:48:55,805 [myid:] - INFO  [main:ZooKeeperServer@1495] - The large request threshold is set to -1
2020-12-18 08:48:55,806 [myid:] - INFO  [main:ZooKeeperServer@339] - Created server with tickTime 2000 minSessionTimeout 4000 maxSessionTimeout 40000 clientPortListenBacklog -1 datadir /Users/apple/Udemy/DistributedSystems/apache-zookeeper/logs/version-2 snapdir /Users/apple/Udemy/DistributedSystems/apache-zookeeper/logs/version-2
2020-12-18 08:48:55,870 [myid:] - INFO  [main:Log@169] - Logging initialized @2106ms to org.eclipse.jetty.util.log.Slf4jLog
2020-12-18 08:48:56,008 [myid:] - WARN  [main:ContextHandler@1520] - o.e.j.s.ServletContextHandler@10e31a9a{/,null,UNAVAILABLE} contextPath ends with /*
2020-12-18 08:48:56,009 [myid:] - WARN  [main:ContextHandler@1531] - Empty contextPath
2020-12-18 08:48:56,058 [myid:] - INFO  [main:Server@359] - jetty-9.4.24.v20191120; built: 2019-11-20T21:37:49.771Z; git: 363d5f2df3a8a28de40604320230664b9c793c16; jvm 14+36-1461
2020-12-18 08:48:56,112 [myid:] - INFO  [main:DefaultSessionIdManager@333] - DefaultSessionIdManager workerName=node0
2020-12-18 08:48:56,113 [myid:] - INFO  [main:DefaultSessionIdManager@338] - No SessionScavenger set, using defaults
2020-12-18 08:48:56,116 [myid:] - INFO  [main:HouseKeeper@140] - node0 Scavenging every 660000ms
2020-12-18 08:48:56,121 [myid:] - WARN  [main:ConstraintSecurityHandler@757] - ServletContext@o.e.j.s.ServletContextHandler@10e31a9a{/,null,STARTING} has uncovered http methods for path: /*
2020-12-18 08:48:56,135 [myid:] - INFO  [main:ContextHandler@825] - Started o.e.j.s.ServletContextHandler@10e31a9a{/,null,AVAILABLE}
2020-12-18 08:48:56,164 [myid:] - INFO  [main:AbstractConnector@330] - Started ServerConnector@50a638b5{HTTP/1.1,[http/1.1]}{0.0.0.0:8080}
2020-12-18 08:48:56,164 [myid:] - INFO  [main:Server@399] - Started @2401ms
2020-12-18 08:48:56,164 [myid:] - INFO  [main:JettyAdminServer@182] - Started AdminServer on address 0.0.0.0, port 8080 and command URL /commands
2020-12-18 08:48:56,175 [myid:] - INFO  [main:ServerCnxnFactory@169] - Using org.apache.zookeeper.server.NIOServerCnxnFactory as server connection factory
2020-12-18 08:48:56,177 [myid:] - WARN  [main:ServerCnxnFactory@309] - maxCnxns is not configured, using default value 0.
2020-12-18 08:48:56,180 [myid:] - INFO  [main:NIOServerCnxnFactory@666] - Configuring NIO connection handler with 10s sessionless connection timeout, 1 selector thread(s), 8 worker threads, and 64 kB direct buffers.
2020-12-18 08:48:56,181 [myid:] - INFO  [main:NIOServerCnxnFactory@674] - binding to port 0.0.0.0/0.0.0.0:2181
2020-12-18 08:48:56,205 [myid:] - INFO  [main:WatchManagerFactory@42] - Using org.apache.zookeeper.server.watch.WatchManager as watch manager
2020-12-18 08:48:56,205 [myid:] - INFO  [main:WatchManagerFactory@42] - Using org.apache.zookeeper.server.watch.WatchManager as watch manager
2020-12-18 08:48:56,205 [myid:] - INFO  [main:ZKDatabase@132] - zookeeper.snapshotSizeFactor = 0.33
2020-12-18 08:48:56,206 [myid:] - INFO  [main:ZKDatabase@152] - zookeeper.commitLogCount=500
2020-12-18 08:48:56,217 [myid:] - INFO  [main:SnapStream@61] - zookeeper.snapshot.compression.method = CHECKED
2020-12-18 08:48:56,217 [myid:] - INFO  [main:FileTxnSnapLog@470] - Snapshotting: 0x0 to /Users/apple/Udemy/DistributedSystems/apache-zookeeper/logs/version-2/snapshot.0
2020-12-18 08:48:56,221 [myid:] - INFO  [main:ZKDatabase@289] - Snapshot loaded in 15 ms, highest zxid is 0x0, digest is 1371985504
2020-12-18 08:48:56,221 [myid:] - INFO  [main:FileTxnSnapLog@470] - Snapshotting: 0x0 to /Users/apple/Udemy/DistributedSystems/apache-zookeeper/logs/version-2/snapshot.0
2020-12-18 08:48:56,222 [myid:] - INFO  [main:ZooKeeperServer@529] - Snapshot taken in 1 ms
2020-12-18 08:48:56,237 [myid:] - INFO  [ProcessThread(sid:0 cport:2181)::PrepRequestProcessor@136] - PrepRequestProcessor (sid:0) started, reconfigEnabled=false
2020-12-18 08:48:56,237 [myid:] - INFO  [main:RequestThrottler@74] - zookeeper.request_throttler.shutdownTimeout = 10000
2020-12-18 08:48:56,256 [myid:] - INFO  [main:ContainerManager@83] - Using checkIntervalMs=60000 maxPerMinute=10000 maxNeverUsedIntervalMs=0
2020-12-18 08:48:56,257 [myid:] - INFO  [main:ZKAuditProvider@42] - ZooKeeper audit is disabled.
2020-12-18 08:50:53,645 [myid:] - INFO  [SyncThread:0:FileTxnLog@284] - Creating new log file: log.1
2020-12-18 23:12:33,854 [myid:] - WARN  [NIOWorkerThread-3:NIOServerCnxn@364] - Unexpected exception
EndOfStreamException: Unable to read additional data from client, it probably closed the socket: address = /127.0.0.1:55628, session = 0x100016703c80000
	at org.apache.zookeeper.server.NIOServerCnxn.handleFailedRead(NIOServerCnxn.java:163)
	at org.apache.zookeeper.server.NIOServerCnxn.doIO(NIOServerCnxn.java:326)
	at org.apache.zookeeper.server.NIOServerCnxnFactory$IOWorkRequest.doWork(NIOServerCnxnFactory.java:522)
	at org.apache.zookeeper.server.WorkerService$ScheduledWorkRequest.run(WorkerService.java:154)
	at java.base/java.util.concurrent.ThreadPoolExecutor.runWorker(ThreadPoolExecutor.java:1130)
	at java.base/java.util.concurrent.ThreadPoolExecutor$Worker.run(ThreadPoolExecutor.java:630)
	at java.base/java.lang.Thread.run(Thread.java:832)
2020-12-18 23:12:54,244 [myid:] - INFO  [SessionTracker:ZooKeeperServer@610] - Expiring session 0x100016703c80000, timeout of 30000ms exceeded
